# JRE version: 7.0_11-b21
# Java VM: Java HotSpot(TM) 64-Bit Server VM (23.6-b04 mixed mode linux-amd64 compressed oops)
Heap
 PSYoungGen      total 286400K, used 132417K [0x00000000ec6b0000, 0x00000000febe0000, 0x0000000100000000)
  eden space 273792K, 46% used [0x00000000ec6b0000,0x00000000f425b9c0,0x00000000fd210000)
  from space 12608K, 45% used [0x00000000fddc0000,0x00000000fe364b88,0x00000000fea10000)
  to   space 11968K, 0% used [0x00000000fd210000,0x00000000fd210000,0x00000000fddc0000)
 ParOldGen       total 54208K, used 23093K [0x00000000c5400000, 0x00000000c88f0000, 0x00000000ec6b0000)
  object space 54208K, 42% used [0x00000000c5400000,0x00000000c6a8d638,0x00000000c88f0000)
 PSPermGen       total 48256K, used 24053K [0x00000000c0200000, 0x00000000c3120000, 0x00000000c5400000)
  object space 48256K, 49% used [0x00000000c0200000,0x00000000c197d620,0x00000000c3120000)
GC Heap History (10 events):
Event: 19.014 GC heap before
{Heap before GC invocations=9 (full 0):
 PSYoungGen      total 133888K, used 124252K [0x00000000ec6b0000, 0x00000000f5750000, 0x0000000100000000)
  eden space 120320K, 100% used [0x00000000ec6b0000,0x00000000f3c30000,0x00000000f3c30000)
  from space 13568K, 28% used [0x00000000f4a10000,0x00000000f4de72c8,0x00000000f5750000)
  to   space 13888K, 0% used [0x00000000f3c30000,0x00000000f3c30000,0x00000000f49c0000)
 ParOldGen       total 107968K, used 90815K [0x00000000c5400000, 0x00000000cbd70000, 0x00000000ec6b0000)
  object space 107968K, 84% used [0x00000000c5400000,0x00000000cacafdf0,0x00000000cbd70000)
 PSPermGen       total 24128K, used 23974K [0x00000000c0200000, 0x00000000c1990000, 0x00000000c5400000)
  object space 24128K, 99% used [0x00000000c0200000,0x00000000c19698f0,0x00000000c1990000)
Event: 19.021 GC heap after
Heap after GC invocations=9 (full 0):
 PSYoungGen      total 134208K, used 4352K [0x00000000ec6b0000, 0x00000000f9cf0000, 0x0000000100000000)
  eden space 120320K, 0% used [0x00000000ec6b0000,0x00000000ec6b0000,0x00000000f3c30000)
  from space 13888K, 31% used [0x00000000f3c30000,0x00000000f4070258,0x00000000f49c0000)
  to   space 13440K, 0% used [0x00000000f8fd0000,0x00000000f8fd0000,0x00000000f9cf0000)
 ParOldGen       total 107968K, used 91435K [0x00000000c5400000, 0x00000000cbd70000, 0x00000000ec6b0000)
  object space 107968K, 84% used [0x00000000c5400000,0x00000000cad4ae68,0x00000000cbd70000)
 PSPermGen       total 24128K, used 23974K [0x00000000c0200000, 0x00000000c1990000, 0x00000000c5400000)
  object space 24128K, 99% used [0x00000000c0200000,0x00000000c19698f0,0x00000000c1990000)
}
Event: 19.822 GC heap before
{Heap before GC invocations=10 (full 0):
 PSYoungGen      total 134208K, used 124672K [0x00000000ec6b0000, 0x00000000f9cf0000, 0x0000000100000000)
  eden space 120320K, 100% used [0x00000000ec6b0000,0x00000000f3c30000,0x00000000f3c30000)
  from space 13888K, 31% used [0x00000000f3c30000,0x00000000f4070258,0x00000000f49c0000)
  to   space 13440K, 0% used [0x00000000f8fd0000,0x00000000f8fd0000,0x00000000f9cf0000)
 ParOldGen       total 107968K, used 91435K [0x00000000c5400000, 0x00000000cbd70000, 0x00000000ec6b0000)
  object space 107968K, 84% used [0x00000000c5400000,0x00000000cad4ae68,0x00000000cbd70000)
 PSPermGen       total 24128K, used 23992K [0x00000000c0200000, 0x00000000c1990000, 0x00000000c5400000)
  object space 24128K, 99% used [0x00000000c0200000,0x00000000c196e0a0,0x00000000c1990000)
Event: 19.832 GC heap after
Heap after GC invocations=10 (full 0):
 PSYoungGen      total 205056K, used 4753K [0x00000000ec6b0000, 0x00000000f9c10000, 0x0000000100000000)
  eden space 192512K, 0% used [0x00000000ec6b0000,0x00000000ec6b0000,0x00000000f82b0000)
  from space 12544K, 37% used [0x00000000f8fd0000,0x00000000f9474490,0x00000000f9c10000)
  to   space 12992K, 0% used [0x00000000f82b0000,0x00000000f82b0000,0x00000000f8f60000)
 ParOldGen       total 107968K, used 94272K [0x00000000c5400000, 0x00000000cbd70000, 0x00000000ec6b0000)
  object space 107968K, 87% used [0x00000000c5400000,0x00000000cb0101f0,0x00000000cbd70000)
 PSPermGen       total 24128K, used 23992K [0x00000000c0200000, 0x00000000c1990000, 0x00000000c5400000)
  object space 24128K, 99% used [0x00000000c0200000,0x00000000c196e0a0,0x00000000c1990000)
}
Event: 19.832 GC heap before
{Heap before GC invocations=11 (full 1):
 PSYoungGen      total 205056K, used 4753K [0x00000000ec6b0000, 0x00000000f9c10000, 0x0000000100000000)
  eden space 192512K, 0% used [0x00000000ec6b0000,0x00000000ec6b0000,0x00000000f82b0000)
  from space 12544K, 37% used [0x00000000f8fd0000,0x00000000f9474490,0x00000000f9c10000)
  to   space 12992K, 0% used [0x00000000f82b0000,0x00000000f82b0000,0x00000000f8f60000)
 ParOldGen       total 107968K, used 94272K [0x00000000c5400000, 0x00000000cbd70000, 0x00000000ec6b0000)
  object space 107968K, 87% used [0x00000000c5400000,0x00000000cb0101f0,0x00000000cbd70000)
 PSPermGen       total 24128K, used 23992K [0x00000000c0200000, 0x00000000c1990000, 0x00000000c5400000)
  object space 24128K, 99% used [0x00000000c0200000,0x00000000c196e0a0,0x00000000c1990000)
Event: 19.915 GC heap after
Heap after GC invocations=11 (full 1):
 PSYoungGen      total 205056K, used 0K [0x00000000ec6b0000, 0x00000000f9c10000, 0x0000000100000000)
  eden space 192512K, 0% used [0x00000000ec6b0000,0x00000000ec6b0000,0x00000000f82b0000)
  from space 12544K, 0% used [0x00000000f8fd0000,0x00000000f8fd0000,0x00000000f9c10000)
  to   space 12992K, 0% used [0x00000000f82b0000,0x00000000f82b0000,0x00000000f8f60000)
 ParOldGen       total 54208K, used 19427K [0x00000000c5400000, 0x00000000c88f0000, 0x00000000ec6b0000)
  object space 54208K, 35% used [0x00000000c5400000,0x00000000c66f8ca0,0x00000000c88f0000)
 PSPermGen       total 48256K, used 23984K [0x00000000c0200000, 0x00000000c3120000, 0x00000000c5400000)
  object space 48256K, 49% used [0x00000000c0200000,0x00000000c196c2a8,0x00000000c3120000)
}
Event: 21.453 GC heap before
{Heap before GC invocations=12 (full 1):
 PSYoungGen      total 205056K, used 192512K [0x00000000ec6b0000, 0x00000000f9c10000, 0x0000000100000000)
  eden space 192512K, 100% used [0x00000000ec6b0000,0x00000000f82b0000,0x00000000f82b0000)
  from space 12544K, 0% used [0x00000000f8fd0000,0x00000000f8fd0000,0x00000000f9c10000)
  to   space 12992K, 0% used [0x00000000f82b0000,0x00000000f82b0000,0x00000000f8f60000)
 ParOldGen       total 54208K, used 19427K [0x00000000c5400000, 0x00000000c88f0000, 0x00000000ec6b0000)
  object space 54208K, 35% used [0x00000000c5400000,0x00000000c66f8ca0,0x00000000c88f0000)
 PSPermGen       total 48256K, used 24030K [0x00000000c0200000, 0x00000000c3120000, 0x00000000c5400000)
  object space 48256K, 49% used [0x00000000c0200000,0x00000000c1977880,0x00000000c3120000)
Event: 21.459 GC heap after
Heap after GC invocations=12 (full 1):
 PSYoungGen      total 205504K, used 4302K [0x00000000ec6b0000, 0x00000000fea10000, 0x0000000100000000)
  eden space 192512K, 0% used [0x00000000ec6b0000,0x00000000ec6b0000,0x00000000f82b0000)
  from space 12992K, 33% used [0x00000000f82b0000,0x00000000f86e3a20,0x00000000f8f60000)
  to   space 12608K, 0% used [0x00000000fddc0000,0x00000000fddc0000,0x00000000fea10000)
 ParOldGen       total 54208K, used 19427K [0x00000000c5400000, 0x00000000c88f0000, 0x00000000ec6b0000)
  object space 54208K, 35% used [0x00000000c5400000,0x00000000c66f8ca0,0x00000000c88f0000)
 PSPermGen       total 48256K, used 24030K [0x00000000c0200000, 0x00000000c3120000, 0x00000000c5400000)
  object space 48256K, 49% used [0x00000000c0200000,0x00000000c1977880,0x00000000c3120000)
}
Event: 22.213 GC heap before
{Heap before GC invocations=13 (full 1):
 PSYoungGen      total 205504K, used 196814K [0x00000000ec6b0000, 0x00000000fea10000, 0x0000000100000000)
  eden space 192512K, 100% used [0x00000000ec6b0000,0x00000000f82b0000,0x00000000f82b0000)
  from space 12992K, 33% used [0x00000000f82b0000,0x00000000f86e3a20,0x00000000f8f60000)
  to   space 12608K, 0% used [0x00000000fddc0000,0x00000000fddc0000,0x00000000fea10000)
 ParOldGen       total 54208K, used 19427K [0x00000000c5400000, 0x00000000c88f0000, 0x00000000ec6b0000)
  object space 54208K, 35% used [0x00000000c5400000,0x00000000c66f8ca0,0x00000000c88f0000)
 PSPermGen       total 48256K, used 24039K [0x00000000c0200000, 0x00000000c3120000, 0x00000000c5400000)
  object space 48256K, 49% used [0x00000000c0200000,0x00000000c1979db8,0x00000000c3120000)
Event: 22.225 GC heap after
Heap after GC invocations=13 (full 1):
 PSYoungGen      total 286400K, used 5778K [0x00000000ec6b0000, 0x00000000febe0000, 0x0000000100000000)
  eden space 273792K, 0% used [0x00000000ec6b0000,0x00000000ec6b0000,0x00000000fd210000)
  from space 12608K, 45% used [0x00000000fddc0000,0x00000000fe364b88,0x00000000fea10000)
  to   space 11968K, 0% used [0x00000000fd210000,0x00000000fd210000,0x00000000fddc0000)
 ParOldGen       total 54208K, used 23093K [0x00000000c5400000, 0x00000000c88f0000, 0x00000000ec6b0000)
  object space 54208K, 42% used [0x00000000c5400000,0x00000000c6a8d638,0x00000000c88f0000)
 PSPermGen       total 48256K, used 24039K [0x00000000c0200000, 0x00000000c3120000, 0x00000000c5400000)
  object space 48256K, 49% used [0x00000000c0200000,0x00000000c1979db8,0x00000000c3120000)
}

