# JRE version: 7.0_11-b21
# Java VM: Java HotSpot(TM) 64-Bit Server VM (23.6-b04 mixed mode bsd-amd64 compressed oops)
Heap
 def new generation   total 38272K, used 27473K [0x00000007e2000000, 0x00000007e4980000, 0x00000007ea4a0000)
  eden space 34048K,  80% used [0x00000007e2000000, 0x00000007e3ac8e28, 0x00000007e4140000)
  from space 4224K,   1% used [0x00000007e4140000, 0x00000007e414b850, 0x00000007e4560000)
  to   space 4224K,   0% used [0x00000007e4560000, 0x00000007e4560000, 0x00000007e4980000)
 tenured generation   total 84852K, used 57591K [0x00000007ea4a0000, 0x00000007ef77d000, 0x00000007fae00000)
   the space 84852K,  67% used [0x00000007ea4a0000, 0x00000007edcddd88, 0x00000007edcdde00, 0x00000007ef77d000)
 compacting perm gen  total 21568K, used 21248K [0x00000007fae00000, 0x00000007fc310000, 0x0000000800000000)
   the space 21568K,  98% used [0x00000007fae00000, 0x00000007fc2c03b8, 0x00000007fc2c0400, 0x00000007fc310000)
GC Heap History (10 events):
Event: 90.335 GC heap before
{Heap before GC invocations=106 (full 2):
 def new generation   total 38272K, used 34102K [0x00000007e2000000, 0x00000007e4980000, 0x00000007ea4a0000)
  eden space 34048K, 100% used [0x00000007e2000000, 0x00000007e4140000, 0x00000007e4140000)
  from space 4224K,   1% used [0x00000007e4560000, 0x00000007e456d950, 0x00000007e4980000)
  to   space 4224K,   0% used [0x00000007e4140000, 0x00000007e4140000, 0x00000007e4560000)
 tenured generation   total 84852K, used 57580K [0x00000007ea4a0000, 0x00000007ef77d000, 0x00000007fae00000)
   the space 84852K,  67% used [0x00000007ea4a0000, 0x00000007edcdb3b8, 0x00000007edcdb400, 0x00000007ef77d000)
 compacting perm gen  total 21248K, used 21244K [0x00000007fae00000, 0x00000007fc2c0000, 0x0000000800000000)
   the space 21248K,  99% used [0x00000007fae00000, 0x00000007fc2bf2e8, 0x00000007fc2bf400, 0x00000007fc2c0000)
No shared spaces configured.
Event: 90.338 GC heap after
Heap after GC invocations=107 (full 2):
 def new generation   total 38272K, used 51K [0x00000007e2000000, 0x00000007e4980000, 0x00000007ea4a0000)
  eden space 34048K,   0% used [0x00000007e2000000, 0x00000007e2000000, 0x00000007e4140000)
  from space 4224K,   1% used [0x00000007e4140000, 0x00000007e414cfe8, 0x00000007e4560000)
  to   space 4224K,   0% used [0x00000007e4560000, 0x00000007e4560000, 0x00000007e4980000)
 tenured generation   total 84852K, used 57585K [0x00000007ea4a0000, 0x00000007ef77d000, 0x00000007fae00000)
   the space 84852K,  67% used [0x00000007ea4a0000, 0x00000007edcdc488, 0x00000007edcdc600, 0x00000007ef77d000)
 compacting perm gen  total 21248K, used 21244K [0x00000007fae00000, 0x00000007fc2c0000, 0x0000000800000000)
   the space 21248K,  99% used [0x00000007fae00000, 0x00000007fc2bf2e8, 0x00000007fc2bf400, 0x00000007fc2c0000)
No shared spaces configured.
}
Event: 91.682 GC heap before
{Heap before GC invocations=107 (full 2):
 def new generation   total 38272K, used 34099K [0x00000007e2000000, 0x00000007e4980000, 0x00000007ea4a0000)
  eden space 34048K, 100% used [0x00000007e2000000, 0x00000007e4140000, 0x00000007e4140000)
  from space 4224K,   1% used [0x00000007e4140000, 0x00000007e414cfe8, 0x00000007e4560000)
  to   space 4224K,   0% used [0x00000007e4560000, 0x00000007e4560000, 0x00000007e4980000)
 tenured generation   total 84852K, used 57585K [0x00000007ea4a0000, 0x00000007ef77d000, 0x00000007fae00000)
   the space 84852K,  67% used [0x00000007ea4a0000, 0x00000007edcdc488, 0x00000007edcdc600, 0x00000007ef77d000)
 compacting perm gen  total 21248K, used 21246K [0x00000007fae00000, 0x00000007fc2c0000, 0x0000000800000000)
   the space 21248K,  99% used [0x00000007fae00000, 0x00000007fc2bf828, 0x00000007fc2bfa00, 0x00000007fc2c0000)
No shared spaces configured.
Event: 91.685 GC heap after
Heap after GC invocations=108 (full 2):
 def new generation   total 38272K, used 46K [0x00000007e2000000, 0x00000007e4980000, 0x00000007ea4a0000)
  eden space 34048K,   0% used [0x00000007e2000000, 0x00000007e2000000, 0x00000007e4140000)
  from space 4224K,   1% used [0x00000007e4560000, 0x00000007e456ba90, 0x00000007e4980000)
  to   space 4224K,   0% used [0x00000007e4140000, 0x00000007e4140000, 0x00000007e4560000)
 tenured generation   total 84852K, used 57588K [0x00000007ea4a0000, 0x00000007ef77d000, 0x00000007fae00000)
   the space 84852K,  67% used [0x00000007ea4a0000, 0x00000007edcdd3c8, 0x00000007edcdd400, 0x00000007ef77d000)
 compacting perm gen  total 21248K, used 21246K [0x00000007fae00000, 0x00000007fc2c0000, 0x0000000800000000)
   the space 21248K,  99% used [0x00000007fae00000, 0x00000007fc2bf828, 0x00000007fc2bfa00, 0x00000007fc2c0000)
No shared spaces configured.
}
Event: 92.930 GC heap before
{Heap before GC invocations=108 (full 2):
 def new generation   total 38272K, used 34094K [0x00000007e2000000, 0x00000007e4980000, 0x00000007ea4a0000)
  eden space 34048K, 100% used [0x00000007e2000000, 0x00000007e4140000, 0x00000007e4140000)
  from space 4224K,   1% used [0x00000007e4560000, 0x00000007e456ba90, 0x00000007e4980000)
  to   space 4224K,   0% used [0x00000007e4140000, 0x00000007e4140000, 0x00000007e4560000)
 tenured generation   total 84852K, used 57588K [0x00000007ea4a0000, 0x00000007ef77d000, 0x00000007fae00000)
   the space 84852K,  67% used [0x00000007ea4a0000, 0x00000007edcdd3c8, 0x00000007edcdd400, 0x00000007ef77d000)
 compacting perm gen  total 21248K, used 21246K [0x00000007fae00000, 0x00000007fc2c0000, 0x0000000800000000)
   the space 21248K,  99% used [0x00000007fae00000, 0x00000007fc2bf828, 0x00000007fc2bfa00, 0x00000007fc2c0000)
No shared spaces configured.
Event: 92.933 GC heap after
Heap after GC invocations=109 (full 2):
 def new generation   total 38272K, used 47K [0x00000007e2000000, 0x00000007e4980000, 0x00000007ea4a0000)
  eden space 34048K,   0% used [0x00000007e2000000, 0x00000007e2000000, 0x00000007e4140000)
  from space 4224K,   1% used [0x00000007e4140000, 0x00000007e414bcf8, 0x00000007e4560000)
  to   space 4224K,   0% used [0x00000007e4560000, 0x00000007e4560000, 0x00000007e4980000)
 tenured generation   total 84852K, used 57590K [0x00000007ea4a0000, 0x00000007ef77d000, 0x00000007fae00000)
   the space 84852K,  67% used [0x00000007ea4a0000, 0x00000007edcdda08, 0x00000007edcddc00, 0x00000007ef77d000)
 compacting perm gen  total 21248K, used 21246K [0x00000007fae00000, 0x00000007fc2c0000, 0x0000000800000000)
   the space 21248K,  99% used [0x00000007fae00000, 0x00000007fc2bf828, 0x00000007fc2bfa00, 0x00000007fc2c0000)
No shared spaces configured.
}
Event: 94.886 GC heap before
{Heap before GC invocations=109 (full 2):
 def new generation   total 38272K, used 34095K [0x00000007e2000000, 0x00000007e4980000, 0x00000007ea4a0000)
  eden space 34048K, 100% used [0x00000007e2000000, 0x00000007e4140000, 0x00000007e4140000)
  from space 4224K,   1% used [0x00000007e4140000, 0x00000007e414bcf8, 0x00000007e4560000)
  to   space 4224K,   0% used [0x00000007e4560000, 0x00000007e4560000, 0x00000007e4980000)
 tenured generation   total 84852K, used 57590K [0x00000007ea4a0000, 0x00000007ef77d000, 0x00000007fae00000)
   the space 84852K,  67% used [0x00000007ea4a0000, 0x00000007edcdda08, 0x00000007edcddc00, 0x00000007ef77d000)
 compacting perm gen  total 21248K, used 21246K [0x00000007fae00000, 0x00000007fc2c0000, 0x0000000800000000)
   the space 21248K,  99% used [0x00000007fae00000, 0x00000007fc2bfbb8, 0x00000007fc2bfc00, 0x00000007fc2c0000)
No shared spaces configured.
Event: 94.889 GC heap after
Heap after GC invocations=110 (full 2):
 def new generation   total 38272K, used 48K [0x00000007e2000000, 0x00000007e4980000, 0x00000007ea4a0000)
  eden space 34048K,   0% used [0x00000007e2000000, 0x00000007e2000000, 0x00000007e4140000)
  from space 4224K,   1% used [0x00000007e4560000, 0x00000007e456c1c0, 0x00000007e4980000)
  to   space 4224K,   0% used [0x00000007e4140000, 0x00000007e4140000, 0x00000007e4560000)
 tenured generation   total 84852K, used 57590K [0x00000007ea4a0000, 0x00000007ef77d000, 0x00000007fae00000)
   the space 84852K,  67% used [0x00000007ea4a0000, 0x00000007edcddaa8, 0x00000007edcddc00, 0x00000007ef77d000)
 compacting perm gen  total 21248K, used 21246K [0x00000007fae00000, 0x00000007fc2c0000, 0x0000000800000000)
   the space 21248K,  99% used [0x00000007fae00000, 0x00000007fc2bfbb8, 0x00000007fc2bfc00, 0x00000007fc2c0000)
No shared spaces configured.
}
Event: 96.550 GC heap before
{Heap before GC invocations=110 (full 2):
 def new generation   total 38272K, used 34096K [0x00000007e2000000, 0x00000007e4980000, 0x00000007ea4a0000)
  eden space 34048K, 100% used [0x00000007e2000000, 0x00000007e4140000, 0x00000007e4140000)
  from space 4224K,   1% used [0x00000007e4560000, 0x00000007e456c1c0, 0x00000007e4980000)
  to   space 4224K,   0% used [0x00000007e4140000, 0x00000007e4140000, 0x00000007e4560000)
 tenured generation   total 84852K, used 57590K [0x00000007ea4a0000, 0x00000007ef77d000, 0x00000007fae00000)
   the space 84852K,  67% used [0x00000007ea4a0000, 0x00000007edcddaa8, 0x00000007edcddc00, 0x00000007ef77d000)
 compacting perm gen  total 21248K, used 21247K [0x00000007fae00000, 0x00000007fc2c0000, 0x0000000800000000)
   the space 21248K,  99% used [0x00000007fae00000, 0x00000007fc2bfc90, 0x00000007fc2bfe00, 0x00000007fc2c0000)
No shared spaces configured.
Event: 96.553 GC heap after
Heap after GC invocations=111 (full 2):
 def new generation   total 38272K, used 46K [0x00000007e2000000, 0x00000007e4980000, 0x00000007ea4a0000)
  eden space 34048K,   0% used [0x00000007e2000000, 0x00000007e2000000, 0x00000007e4140000)
  from space 4224K,   1% used [0x00000007e4140000, 0x00000007e414b850, 0x00000007e4560000)
  to   space 4224K,   0% used [0x00000007e4560000, 0x00000007e4560000, 0x00000007e4980000)
 tenured generation   total 84852K, used 57591K [0x00000007ea4a0000, 0x00000007ef77d000, 0x00000007fae00000)
   the space 84852K,  67% used [0x00000007ea4a0000, 0x00000007edcddd88, 0x00000007edcdde00, 0x00000007ef77d000)
 compacting perm gen  total 21248K, used 21247K [0x00000007fae00000, 0x00000007fc2c0000, 0x0000000800000000)
   the space 21248K,  99% used [0x00000007fae00000, 0x00000007fc2bfc90, 0x00000007fc2bfe00, 0x00000007fc2c0000)
No shared spaces configured.
}

